<?xml version="1.0" encoding="UTF-8"?>
<!-- Generated by org.testng.reporters.JUnitReportReporter -->
<testsuite hostname="DESKTOP-RVFIE5L" failures="0" tests="2" name="DemoTest.Test1.Cross_Browser_demo" time="222.017" errors="0" timestamp="2022-08-02T10:05:43 IST" skipped="0">
  <testcase classname="DemoTest.Test1.Cross_Browser_demo" name="verifytitle" time="111.016"/>
  <system-out/>
  <testcase classname="DemoTest.Test1.Cross_Browser_demo" name="verifytitle" time="111.001"/>
  <system-out/>
</testsuite> <!-- DemoTest.Test1.Cross_Browser_demo -->
