<?xml version="1.0" encoding="UTF-8"?>
<!-- Generated by org.testng.reporters.JUnitReportReporter -->
<testsuite hostname="DESKTOP-RVFIE5L" failures="0" tests="2" name="DemoTest.Test1.Parallel_test_demo" time="25.028" errors="0" timestamp="2022-08-23T21:52:52 IST" skipped="0">
  <testcase classname="DemoTest.Test1.Parallel_test_demo" name="verifylogo" time="13.912"/>
  <system-out/>
  <testcase classname="DemoTest.Test1.Parallel_test_demo" name="verifytitle" time="11.116"/>
  <system-out/>
</testsuite> <!-- DemoTest.Test1.Parallel_test_demo -->
