<?xml version="1.0" encoding="UTF-8"?>
<!-- Generated by org.testng.reporters.JUnitReportReporter -->
<testsuite hostname="DESKTOP-RVFIE5L" failures="0" tests="1" name="DemoTest.Test1.Parallel_method_2" time="16.735" errors="0" timestamp="2022-08-23T21:52:52 IST" skipped="0">
  <testcase classname="DemoTest.Test1.Parallel_method_2" name="verifylogin" time="16.735"/>
  <system-out/>
</testsuite> <!-- DemoTest.Test1.Parallel_method_2 -->
