<?xml version="1.0" encoding="UTF-8"?>
<!-- Generated by org.testng.reporters.JUnitReportReporter -->
<testsuite hostname="DESKTOP-RVFIE5L" failures="0" tests="1" name="DemoTest.Test1.Listener_demo" time="33.270" errors="0" timestamp="2022-07-31T18:00:04 IST" skipped="0">
  <testcase classname="DemoTest.Test1.Listener_demo" name="login" time="33.270"/>
  <system-out/>
</testsuite> <!-- DemoTest.Test1.Listener_demo -->
